#
# There is insufficient memory for the Java Runtime Environment to continue.
# Native memory allocation (malloc) failed to allocate 82384 bytes for Chunk::new
# Possible reasons:
#   The system is out of physical RAM or swap space
#   In 32 bit mode, the process size limit was hit
# Possible solutions:
#   Reduce memory load on the system
#   Increase physical memory or swap space
#   Check if swap backing store is full
#   Use 64 bit Java on a 64 bit OS
#   Decrease Java heap size (-Xmx/-Xms)
#   Decrease number of Java threads
#   Decrease Java thread stack sizes (-Xss)
#   Set larger code cache with -XX:ReservedCodeCacheSize=
# This output file may be truncated or incomplete.
#
#  Out of Memory Error (allocation.cpp:390), pid=4872, tid=3600
#
# JRE version: Java(TM) SE Runtime Environment (8.0_40-b26) (build 1.8.0_40-b26)
# Java VM: Java HotSpot(TM) 64-Bit Server VM (25.40-b25 mixed mode windows-amd64 compressed oops)
# Failed to write core dump. Minidumps are not enabled by default on client versions of Windows
#

---------------  T H R E A D  ---------------

Current thread (0x0000000016d65000):  JavaThread "C2 CompilerThread2" daemon [_thread_in_native, id=3600, stack(0x0000000017510000,0x0000000017610000)]

Stack: [0x0000000017510000,0x0000000017610000]
Native frames: (J=compiled Java code, j=interpreted, Vv=VM code, C=native code)
V  [jvm.dll+0x32b47a]


Current CompileTask:
C2:    954 1156       4       com.android.dx.util.LabeledList::set (45 bytes)


---------------  P R O C E S S  ---------------

Java Threads: ( => current thread )
  0x0000000017944800 JavaThread "pool-2-thread-4" [_thread_blocked, id=7796, stack(0x0000000018510000,0x0000000018610000)]
  0x000000001793a800 JavaThread "pool-2-thread-3" [_thread_blocked, id=11236, stack(0x0000000018410000,0x0000000018510000)]
  0x0000000017938000 JavaThread "pool-2-thread-2" [_thread_blocked, id=10652, stack(0x0000000018310000,0x0000000018410000)]
  0x0000000017078800 JavaThread "pool-3-thread-1" [_thread_blocked, id=4948, stack(0x0000000018210000,0x0000000018310000)]
  0x000000001706f800 JavaThread "pool-2-thread-1" [_thread_blocked, id=9504, stack(0x0000000018110000,0x0000000018210000)]
  0x0000000016dab800 JavaThread "Service Thread" daemon [_thread_blocked, id=9264, stack(0x0000000017710000,0x0000000017810000)]
  0x0000000016da5800 JavaThread "C1 CompilerThread3" daemon [_thread_blocked, id=7544, stack(0x0000000017610000,0x0000000017710000)]
=>0x0000000016d65000 JavaThread "C2 CompilerThread2" daemon [_thread_in_native, id=3600, stack(0x0000000017510000,0x0000000017610000)]
  0x0000000016d3d000 JavaThread "C2 CompilerThread1" daemon [_thread_in_native, id=5508, stack(0x0000000017410000,0x0000000017510000)]
  0x0000000016d38800 JavaThread "C2 CompilerThread0" daemon [_thread_in_native, id=740, stack(0x0000000017310000,0x0000000017410000)]
  0x0000000016d36800 JavaThread "Attach Listener" daemon [_thread_blocked, id=12524, stack(0x0000000017210000,0x0000000017310000)]
  0x0000000016d35800 JavaThread "Signal Dispatcher" daemon [_thread_blocked, id=12196, stack(0x0000000017110000,0x0000000017210000)]
  0x00000000021e9800 JavaThread "Finalizer" daemon [_thread_blocked, id=9248, stack(0x0000000016c10000,0x0000000016d10000)]
  0x0000000014d0d800 JavaThread "Reference Handler" daemon [_thread_blocked, id=13904, stack(0x0000000016b10000,0x0000000016c10000)]
  0x000000000082d800 JavaThread "main" [_thread_in_vm, id=11912, stack(0x0000000001ff0000,0x00000000020f0000)]

Other Threads:
  0x0000000014d09000 VMThread [stack: 0x0000000016a10000,0x0000000016b10000] [id=3988]
  0x0000000016dae800 WatcherThread [stack: 0x0000000017810000,0x0000000017910000] [id=9304]

VM state:not at safepoint (normal execution)

VM Mutex/Monitor currently owned by a thread: None

Heap:
 PSYoungGen      total 76288K, used 30151K [0x00000000eab00000, 0x00000000f0000000, 0x0000000100000000)
  eden space 65536K, 46% used [0x00000000eab00000,0x00000000ec871ed0,0x00000000eeb00000)
  from space 10752K, 0% used [0x00000000ef580000,0x00000000ef580000,0x00000000f0000000)
  to   space 10752K, 0% used [0x00000000eeb00000,0x00000000eeb00000,0x00000000ef580000)
 ParOldGen       total 175104K, used 0K [0x00000000c0000000, 0x00000000cab00000, 0x00000000eab00000)
  object space 175104K, 0% used [0x00000000c0000000,0x00000000c0000000,0x00000000cab00000)
 Metaspace       used 5884K, capacity 6832K, committed 7040K, reserved 1056768K
  class space    used 588K, capacity 616K, committed 640K, reserved 1048576K

Card table byte_map: [0x00000000115b0000,0x00000000117c0000] byte_map_base: 0x0000000010fb0000

Marking Bits: (ParMarkBitMap*) 0x0000000059f04040
 Begin Bits: [0x0000000012120000, 0x0000000013120000)
 End Bits:   [0x0000000013120000, 0x0000000014120000)

Polling page: 0x00000000006c0000

CodeCache: size=245760Kb used=4455Kb max_used=4455Kb free=241304Kb
 bounds [0x00000000021f0000, 0x0000000002650000, 0x00000000111f0000]
 total_blobs=1429 nmethods=1160 adapters=182
 compilation: enabled

Compilation events (10 events):
Event: 0.951 Thread 0x0000000016da5800 1155       3       com.android.dx.rop.code.PlainCstInsn::withNewRegisters (22 bytes)
Event: 0.951 Thread 0x0000000016da5800 nmethod 1155 0x000000000264bd10 code [0x000000000264bec0, 0x000000000264c608]
Event: 0.951 Thread 0x0000000016da5800 1160       1       java.util.concurrent.locks.AbstractOwnableSynchronizer::getExclusiveOwnerThread (5 bytes)
Event: 0.951 Thread 0x0000000016da5800 nmethod 1160 0x000000000264c950 code [0x000000000264caa0, 0x000000000264cbb0]
Event: 0.951 Thread 0x0000000016da5800 1161       3       com.android.dx.rop.type.Type::compareTo (9 bytes)
Event: 0.951 Thread 0x0000000016da5800 nmethod 1161 0x000000000264cc10 code [0x000000000264cd80, 0x000000000264d168]
Event: 0.952 Thread 0x0000000016da5800 1162       1       java.util.concurrent.locks.AbstractQueuedSynchronizer::getState (5 bytes)
Event: 0.952 Thread 0x0000000016da5800 nmethod 1162 0x000000000264d2d0 code [0x000000000264d420, 0x000000000264d530]
Event: 0.952 Thread 0x0000000016da5800 1164       3       java.util.concurrent.locks.AbstractOwnableSynchronizer::setExclusiveOwnerThread (6 bytes)
Event: 0.952 Thread 0x0000000016da5800 nmethod 1164 0x000000000264d950 code [0x000000000264daa0, 0x000000000264dc10]

GC Heap History (0 events):
No events

Deoptimization events (5 events):
Event: 0.401 Thread 0x000000000082d800 Uncommon trap: reason=unstable_if action=reinterpret pc=0x0000000002352654 method=java.lang.String.compareTo(Ljava/lang/String;)I @ 38
Event: 0.624 Thread 0x000000001793a800 Uncommon trap: reason=unstable_if action=reinterpret pc=0x0000000002426164 method=java.util.HashMap.getNode(ILjava/lang/Object;)Ljava/util/HashMap$Node; @ 129
Event: 0.682 Thread 0x000000000082d800 Uncommon trap: reason=unstable_if action=reinterpret pc=0x000000000244db30 method=java.util.BitSet.nextSetBit(I)I @ 87
Event: 0.761 Thread 0x000000001793a800 Uncommon trap: reason=unstable_if action=reinterpret pc=0x000000000244eaf4 method=java.util.BitSet.ensureCapacity(I)V @ 6
Event: 0.939 Thread 0x000000001793a800 Uncommon trap: reason=unstable_if action=reinterpret pc=0x00000000024ae474 method=com.android.dx.rop.code.RegisterSpec.equals(ILcom/android/dx/rop/type/TypeBearer;Lcom/android/dx/rop/code/LocalItem;)Z @ 16

Internal exceptions (2 events):
Event: 0.036 Thread 0x000000000082d800 Exception <a 'java/lang/NoSuchMethodError': Method sun.misc.Unsafe.defineClass(Ljava/lang/String;[BII)Ljava/lang/Class; name or signature does not match> (0x00000000eab0d8d0) thrown at [D:\re\workspace\8-2-build-windows-amd64-cygwin\jdk8u40\3098\hotspot\sr.cÿÇ°¢?
Event: 0.037 Thread 0x000000000082d800 Exception <a 'java/lang/NoSuchMethodError': Method sun.misc.Unsafe.prefetchRead(Ljava/lang/Object;J)V name or signature does not match> (0x00000000eab0db60) thrown at [D:\re\workspace\8-2-build-windows-amd64-cygwin\jdk8u40\3098\hotspot\src\share\vm\prims\j

Events (10 events):
Event: 0.748 loading class com/android/dx/cf/code/BytecodeArray$ConstantParserVisitor
Event: 0.748 loading class com/android/dx/cf/code/BytecodeArray$ConstantParserVisitor done
Event: 0.756 loading class com/android/dx/dex/file/MethodAnnotationStruct
Event: 0.756 loading class com/android/dx/dex/file/MethodAnnotationStruct done
Event: 0.761 Thread 0x000000001793a800 Uncommon trap: trap_request=0xffffff65 fr.pc=0x000000000244eaf4
Event: 0.761 Thread 0x000000001793a800 DEOPT PACKING pc=0x000000000244eaf4 sp=0x000000001850e8d0
Event: 0.761 Thread 0x000000001793a800 DEOPT UNPACKING pc=0x000000000223582a sp=0x000000001850e7b8 mode 2
Event: 0.939 Thread 0x000000001793a800 Uncommon trap: trap_request=0xffffff65 fr.pc=0x00000000024ae474
Event: 0.939 Thread 0x000000001793a800 DEOPT PACKING pc=0x00000000024ae474 sp=0x000000001850e7c0
Event: 0.939 Thread 0x000000001793a800 DEOPT UNPACKING pc=0x000000000223582a sp=0x000000001850e748 mode 2


Dynamic libraries:
0x00007ff6516b0000 - 0x00007ff6516e7000 	C:\Program Files\Java\jdk1.8.0_40\bin\java.exe
0x00007ffaff5a0000 - 0x00007ffaff74d000 	C:\Windows\SYSTEM32\ntdll.dll
0x00007ffafdb60000 - 0x00007ffafdc9e000 	C:\Windows\system32\KERNEL32.DLL
0x00007ffafcb00000 - 0x00007ffafcc15000 	C:\Windows\system32\KERNELBASE.dll
0x00007ffafb290000 - 0x00007ffafb31e000 	C:\Windows\system32\apphelp.dll
0x00007ffaf8380000 - 0x00007ffaf83d3000 	C:\Windows\AppPatch\AppPatch64\AcGenral.DLL
0x00007ffafcdd0000 - 0x00007ffafce7a000 	C:\Windows\system32\msvcrt.dll
0x00007ffafc520000 - 0x00007ffafc54e000 	C:\Windows\SYSTEM32\SspiCli.dll
0x00007ffafdb00000 - 0x00007ffafdb54000 	C:\Windows\system32\SHLWAPI.dll
0x00007ffafd760000 - 0x00007ffafd8d7000 	C:\Windows\system32\USER32.dll
0x00007ffafd1c0000 - 0x00007ffafd354000 	C:\Windows\system32\ole32.dll
0x00007ffafdd10000 - 0x00007ffaff23a000 	C:\Windows\system32\SHELL32.dll
0x00007ffafbe00000 - 0x00007ffafbe21000 	C:\Windows\SYSTEM32\USERENV.dll
0x00007ffaff2a0000 - 0x00007ffaff34a000 	C:\Windows\system32\ADVAPI32.dll
0x00007ffaf7050000 - 0x00007ffaf706e000 	C:\Windows\SYSTEM32\MPR.dll
0x00007ffafd8f0000 - 0x00007ffafda31000 	C:\Windows\system32\RPCRT4.dll
0x00007ffafd610000 - 0x00007ffafd669000 	C:\Windows\SYSTEM32\sechost.dll
0x00007ffafce80000 - 0x00007ffafd091000 	C:\Windows\SYSTEM32\combase.dll
0x00007ffafd4c0000 - 0x00007ffafd610000 	C:\Windows\system32\GDI32.dll
0x00007ffafc6f0000 - 0x00007ffafc705000 	C:\Windows\SYSTEM32\profapi.dll
0x00007ffafac40000 - 0x00007ffafacf2000 	C:\Windows\SYSTEM32\SHCORE.dll
0x00007ffaff350000 - 0x00007ffaff386000 	C:\Windows\system32\IMM32.DLL
0x00007ffafd360000 - 0x00007ffafd4b2000 	C:\Windows\system32\MSCTF.dll
0x00007ffafa3b0000 - 0x00007ffafa62b000 	C:\Windows\WinSxS\amd64_microsoft.windows.common-controls_6595b64144ccf1df_6.0.9600.18006_none_623f33d3ecbe86e8\COMCTL32.dll
0x0000000059370000 - 0x0000000059442000 	C:\Program Files\Java\jdk1.8.0_40\jre\bin\msvcr100.dll
0x0000000059700000 - 0x0000000059f83000 	C:\Program Files\Java\jdk1.8.0_40\jre\bin\server\jvm.dll
0x00007ffae5e50000 - 0x00007ffae5e59000 	C:\Windows\SYSTEM32\WSOCK32.dll
0x00007ffaf9d30000 - 0x00007ffaf9d52000 	C:\Windows\SYSTEM32\WINMM.dll
0x00007ffaf9e70000 - 0x00007ffaf9e7a000 	C:\Windows\SYSTEM32\VERSION.dll
0x00007ffaff3a0000 - 0x00007ffaff3a7000 	C:\Windows\system32\PSAPI.DLL
0x00007ffaff240000 - 0x00007ffaff29a000 	C:\Windows\system32\WS2_32.dll
0x00007ffaf9cc0000 - 0x00007ffaf9cea000 	C:\Windows\SYSTEM32\WINMMBASE.dll
0x00007ffaff3b0000 - 0x00007ffaff3b9000 	C:\Windows\system32\NSI.dll
0x00007ffafc9a0000 - 0x00007ffafc9ef000 	C:\Windows\SYSTEM32\cfgmgr32.dll
0x00007ffafb4e0000 - 0x00007ffafb508000 	C:\Windows\SYSTEM32\DEVOBJ.dll
0x000000005a0d0000 - 0x000000005a0df000 	C:\Program Files\Java\jdk1.8.0_40\jre\bin\verify.dll
0x000000005a0a0000 - 0x000000005a0c9000 	C:\Program Files\Java\jdk1.8.0_40\jre\bin\java.dll
0x000000005a080000 - 0x000000005a096000 	C:\Program Files\Java\jdk1.8.0_40\jre\bin\zip.dll

VM Arguments:
jvm_args: -Djava.awt.headless=true -Xmx1024M -Dfile.encoding=windows-1252 -Duser.country=US -Duser.language=en -Duser.variant 
java_command: com.android.dx.command.Main --dex --force-jumbo --num-threads=4 --multi-dex --output C:\Users\Aashish SSG\AndroidStudioProjects\MyApplication\app\build\intermediates\transforms\dex\debug\folders\1000\10\com.android.support-design-23.3.0_155505a176ab8b7dbb0e533af0b79315a5323d8c C:\Users\Aashish SSG\AndroidStudioProjects\MyApplication\app\build\intermediates\exploded-aar\com.android.support\design\23.3.0\jars\classes.jar
java_class_path (initial): C:\Games\build-tools\23.0.3\lib\dx.jar
Launcher Type: SUN_STANDARD

Environment Variables:
PATH=C:\MinGW\bin;C:\MinGW\libexec\gcc\x86_64-pc-mingw32\5.3.0;C:\Users\Aashish SSG\gcc\bin;C:\Users\Aashish SSG\gcc\libexec\gcc\x86_64-pc-mingw32\5.3.0;C:\ProgramData\Oracle\Java\javapath;C:\Program Files (x86)\Intel\iCLS Client\;C:\Program Files\Intel\iCLS Client\;C:\Windows\system32;C:\Windows;C:\Windows\System32\Wbem;C:\Windows\System32\WindowsPowerShell\v1.0\;C:\Program Files\Intel\Intel(R) Management Engine Components\DAL;C:\Program Files\Intel\Intel(R) Management Engine Components\IPT;C:\Program Files (x86)\Intel\Intel(R) Management Engine Components\DAL;C:\Program Files (x86)\Intel\Intel(R) Management Engine Components\IPT;C:\Program Files\Git\cmd;C:\Program Files\Common Files\Autodesk Shared\;C:\Program Files (x86)\Autodesk\Backburner\;C:\Program Files (x86)\NVIDIA Corporation\PhysX\Common;C:\KFFirstAide;C:\Program Files (x86)\Skype\Phone\;C:\Program Files\TortoiseSVN\bin;C:\Program Files (x86)\Windows Live\Shared;C:\Program Files\Microsoft\Web Platform Installer\;C:\Program Files (x86)\Microsoft ASP.NET\ASP.NET Web Pages\v1.0\;C:\Program Files (x86)\Windows Kits\8.0\Windows Performance Toolkit\;C:\Program Files\Microsoft SQL Server\110\Tools\Binn\
USERNAME=Aashish SSG
OS=Windows_NT
PROCESSOR_IDENTIFIER=Intel64 Family 6 Model 60 Stepping 3, GenuineIntel



---------------  S Y S T E M  ---------------

OS: Windows 8.1 , 64 bit Build 9600 (6.3.9600.17415)

CPU:total 8 (4 cores per cpu, 2 threads per core) family 6 model 60 stepping 3, cmov, cx8, fxsr, mmx, sse, sse2, sse3, ssse3, sse4.1, sse4.2, popcnt, avx, avx2, aes, clmul, erms, lzcnt, ht, tsc, tscinvbit, bmi1, bmi2

Memory: 4k page, physical 16695032k(5195880k free), swap 19466672k(5004k free)

vm_info: Java HotSpot(TM) 64-Bit Server VM (25.40-b25) for windows-amd64 JRE (1.8.0_40-b26), built on Mar  7 2015 13:51:59 by "java_re" with MS VC++ 10.0 (VS2010)

time: Sat Apr 23 22:13:53 2016
elapsed time: 0 seconds (0d 0h 0m 0s)

