#
# There is insufficient memory for the Java Runtime Environment to continue.
# Native memory allocation (malloc) failed to allocate 1048576 bytes for AllocateHeap
# Possible reasons:
#   The system is out of physical RAM or swap space
#   In 32 bit mode, the process size limit was hit
# Possible solutions:
#   Reduce memory load on the system
#   Increase physical memory or swap space
#   Check if swap backing store is full
#   Use 64 bit Java on a 64 bit OS
#   Decrease Java heap size (-Xmx/-Xms)
#   Decrease number of Java threads
#   Decrease Java thread stack sizes (-Xss)
#   Set larger code cache with -XX:ReservedCodeCacheSize=
# This output file may be truncated or incomplete.
#
#  Out of Memory Error (memory/allocation.inline.hpp:61), pid=3704, tid=6164
#
# JRE version:  (8.0_40-b26) (build )
# Java VM: Java HotSpot(TM) 64-Bit Server VM (25.40-b25 mixed mode windows-amd64 compressed oops)
# Failed to write core dump. Minidumps are not enabled by default on client versions of Windows
#

---------------  T H R E A D  ---------------

Current thread (0x00000000021cd800):  JavaThread "Unknown thread" [_thread_in_vm, id=6164, stack(0x0000000002070000,0x0000000002170000)]

Stack: [0x0000000002070000,0x0000000002170000]
Native frames: (J=compiled Java code, j=interpreted, Vv=VM code, C=native code)
V  [jvm.dll+0x32b47a]
V  [jvm.dll+0x2797f3]
V  [jvm.dll+0x27a489]
V  [jvm.dll+0x2717a5]
V  [jvm.dll+0x1606]
V  [jvm.dll+0x3c0a62]
V  [jvm.dll+0x3ee9c2]
V  [jvm.dll+0x3eef8c]
V  [jvm.dll+0x3ea707]
V  [jvm.dll+0xf2c12]
V  [jvm.dll+0x20f139]
V  [jvm.dll+0x240d9a]
V  [jvm.dll+0x15b941]
C  [java.exe+0x216e]
C  [java.exe+0xcce7]
C  [java.exe+0xcd7b]
C  [KERNEL32.DLL+0x13d2]
C  [ntdll.dll+0x154e4]


---------------  P R O C E S S  ---------------

Java Threads: ( => current thread )

Other Threads:

=>0x00000000021cd800 (exited) JavaThread "Unknown thread" [_thread_in_vm, id=6164, stack(0x0000000002070000,0x0000000002170000)]

VM state:not at safepoint (normal execution)

VM Mutex/Monitor currently owned by a thread: None

Heap:
 PSYoungGen      total 76288K, used 1310K [0x00000000eab00000, 0x00000000f0000000, 0x0000000100000000)
  eden space 65536K, 2% used [0x00000000eab00000,0x00000000eac47af0,0x00000000eeb00000)
  from space 10752K, 0% used [0x00000000ef580000,0x00000000ef580000,0x00000000f0000000)
  to   space 10752K, 0% used [0x00000000eeb00000,0x00000000eeb00000,0x00000000ef580000)
 ParOldGen       total 175104K, used 0K [0x00000000c0000000, 0x00000000cab00000, 0x00000000eab00000)
  object space 175104K, 0% used [0x00000000c0000000,0x00000000c0000000,0x00000000cab00000)
 Metaspace       used 766K, capacity 4480K, committed 4480K, reserved 1056768K
  class space    used 75K, capacity 384K, committed 384K, reserved 1048576K

Card table byte_map: [0x0000000011690000,0x00000000118a0000] byte_map_base: 0x0000000011090000

Marking Bits: (ParMarkBitMap*) 0x0000000059f04040
 Begin Bits: [0x0000000012200000, 0x0000000013200000)
 End Bits:   [0x0000000013200000, 0x0000000014200000)

Polling page: 0x0000000000710000

CodeCache: size=245760Kb used=328Kb max_used=328Kb free=245431Kb
 bounds [0x00000000022d0000, 0x0000000002540000, 0x00000000112d0000]
 total_blobs=57 nmethods=0 adapters=37
 compilation: enabled

Compilation events (0 events):
No events

GC Heap History (0 events):
No events

Deoptimization events (0 events):
No events

Internal exceptions (0 events):
No events

Events (10 events):
Event: 0.311 loading class java/lang/Short
Event: 0.311 loading class java/lang/Short done
Event: 0.311 loading class java/lang/Integer
Event: 0.311 loading class java/lang/Integer done
Event: 0.311 loading class java/lang/Long
Event: 0.311 loading class java/lang/Long done
Event: 0.312 loading class java/lang/NullPointerException
Event: 0.312 loading class java/lang/NullPointerException done
Event: 0.312 loading class java/lang/ArithmeticException
Event: 0.312 loading class java/lang/ArithmeticException done


Dynamic libraries:
0x00007ff6516b0000 - 0x00007ff6516e7000 	C:\Program Files\Java\jdk1.8.0_40\bin\java.exe
0x00007ffaff5a0000 - 0x00007ffaff74d000 	C:\Windows\SYSTEM32\ntdll.dll
0x00007ffafdb60000 - 0x00007ffafdc9e000 	C:\Windows\system32\KERNEL32.DLL
0x00007ffafcb00000 - 0x00007ffafcc15000 	C:\Windows\system32\KERNELBASE.dll
0x00007ffafb290000 - 0x00007ffafb31e000 	C:\Windows\system32\apphelp.dll
0x00007ffaf8380000 - 0x00007ffaf83d3000 	C:\Windows\AppPatch\AppPatch64\AcGenral.DLL
0x00007ffafcdd0000 - 0x00007ffafce7a000 	C:\Windows\system32\msvcrt.dll
0x00007ffafc520000 - 0x00007ffafc54e000 	C:\Windows\SYSTEM32\SspiCli.dll
0x00007ffafdb00000 - 0x00007ffafdb54000 	C:\Windows\system32\SHLWAPI.dll
0x00007ffafd760000 - 0x00007ffafd8d7000 	C:\Windows\system32\USER32.dll
0x00007ffafd1c0000 - 0x00007ffafd354000 	C:\Windows\system32\ole32.dll
0x00007ffafdd10000 - 0x00007ffaff23a000 	C:\Windows\system32\SHELL32.dll
0x00007ffafbe00000 - 0x00007ffafbe21000 	C:\Windows\SYSTEM32\USERENV.dll
0x00007ffaff2a0000 - 0x00007ffaff34a000 	C:\Windows\system32\ADVAPI32.dll
0x00007ffaf7050000 - 0x00007ffaf706e000 	C:\Windows\SYSTEM32\MPR.dll
0x00007ffafd8f0000 - 0x00007ffafda31000 	C:\Windows\system32\RPCRT4.dll
0x00007ffafd610000 - 0x00007ffafd669000 	C:\Windows\SYSTEM32\sechost.dll
0x00007ffafce80000 - 0x00007ffafd091000 	C:\Windows\SYSTEM32\combase.dll
0x00007ffafd4c0000 - 0x00007ffafd610000 	C:\Windows\system32\GDI32.dll
0x00007ffafc6f0000 - 0x00007ffafc705000 	C:\Windows\SYSTEM32\profapi.dll
0x00007ffafac40000 - 0x00007ffafacf2000 	C:\Windows\SYSTEM32\SHCORE.dll
0x00007ffaff350000 - 0x00007ffaff386000 	C:\Windows\system32\IMM32.DLL
0x00007ffafd360000 - 0x00007ffafd4b2000 	C:\Windows\system32\MSCTF.dll
0x00007ffafa3b0000 - 0x00007ffafa62b000 	C:\Windows\WinSxS\amd64_microsoft.windows.common-controls_6595b64144ccf1df_6.0.9600.18006_none_623f33d3ecbe86e8\COMCTL32.dll
0x0000000059370000 - 0x0000000059442000 	C:\Program Files\Java\jdk1.8.0_40\jre\bin\msvcr100.dll
0x0000000059700000 - 0x0000000059f83000 	C:\Program Files\Java\jdk1.8.0_40\jre\bin\server\jvm.dll
0x00007ffae5e50000 - 0x00007ffae5e59000 	C:\Windows\SYSTEM32\WSOCK32.dll
0x00007ffaf9d30000 - 0x00007ffaf9d52000 	C:\Windows\SYSTEM32\WINMM.dll
0x00007ffaf9e70000 - 0x00007ffaf9e7a000 	C:\Windows\SYSTEM32\VERSION.dll
0x00007ffaff3a0000 - 0x00007ffaff3a7000 	C:\Windows\system32\PSAPI.DLL
0x00007ffaff240000 - 0x00007ffaff29a000 	C:\Windows\system32\WS2_32.dll
0x00007ffaf9cc0000 - 0x00007ffaf9cea000 	C:\Windows\SYSTEM32\WINMMBASE.dll
0x00007ffaff3b0000 - 0x00007ffaff3b9000 	C:\Windows\system32\NSI.dll
0x00007ffafc9a0000 - 0x00007ffafc9ef000 	C:\Windows\SYSTEM32\cfgmgr32.dll
0x00007ffafb4e0000 - 0x00007ffafb508000 	C:\Windows\SYSTEM32\DEVOBJ.dll
0x000000005a0d0000 - 0x000000005a0df000 	C:\Program Files\Java\jdk1.8.0_40\jre\bin\verify.dll
0x000000005a0a0000 - 0x000000005a0c9000 	C:\Program Files\Java\jdk1.8.0_40\jre\bin\java.dll
0x000000005a080000 - 0x000000005a096000 	C:\Program Files\Java\jdk1.8.0_40\jre\bin\zip.dll
0x00007ffaf7300000 - 0x00007ffaf7489000 	C:\Windows\SYSTEM32\dbghelp.dll

VM Arguments:
jvm_args: -Djava.awt.headless=true -Xmx1024M -Dfile.encoding=windows-1252 -Duser.country=US -Duser.language=en -Duser.variant 
java_command: com.android.dx.command.Main --dex --force-jumbo --num-threads=4 --multi-dex --output C:\Users\Aashish SSG\AndroidStudioProjects\MyApplication\app\build\intermediates\transforms\dex\debug\folders\1000\5\slice_2 C:\Users\Aashish SSG\AndroidStudioProjects\MyApplication\app\build\intermediates\transforms\instantRunSlicer\debug\folders\1\5\slice_2
java_class_path (initial): C:\Games\build-tools\23.0.3\lib\dx.jar
Launcher Type: SUN_STANDARD

Environment Variables:
PATH=C:\MinGW\bin;C:\MinGW\libexec\gcc\x86_64-pc-mingw32\5.3.0;C:\Users\Aashish SSG\gcc\bin;C:\Users\Aashish SSG\gcc\libexec\gcc\x86_64-pc-mingw32\5.3.0;C:\ProgramData\Oracle\Java\javapath;C:\Program Files (x86)\Intel\iCLS Client\;C:\Program Files\Intel\iCLS Client\;C:\Windows\system32;C:\Windows;C:\Windows\System32\Wbem;C:\Windows\System32\WindowsPowerShell\v1.0\;C:\Program Files\Intel\Intel(R) Management Engine Components\DAL;C:\Program Files\Intel\Intel(R) Management Engine Components\IPT;C:\Program Files (x86)\Intel\Intel(R) Management Engine Components\DAL;C:\Program Files (x86)\Intel\Intel(R) Management Engine Components\IPT;C:\Program Files\Git\cmd;C:\Program Files\Common Files\Autodesk Shared\;C:\Program Files (x86)\Autodesk\Backburner\;C:\Program Files (x86)\NVIDIA Corporation\PhysX\Common;C:\KFFirstAide;C:\Program Files (x86)\Skype\Phone\;C:\Program Files\TortoiseSVN\bin;C:\Program Files (x86)\Windows Live\Shared;C:\Program Files\Microsoft\Web Platform Installer\;C:\Program Files (x86)\Microsoft ASP.NET\ASP.NET Web Pages\v1.0\;C:\Program Files (x86)\Windows Kits\8.0\Windows Performance Toolkit\;C:\Program Files\Microsoft SQL Server\110\Tools\Binn\
USERNAME=Aashish SSG
OS=Windows_NT
PROCESSOR_IDENTIFIER=Intel64 Family 6 Model 60 Stepping 3, GenuineIntel



---------------  S Y S T E M  ---------------

OS: Windows 8.1 , 64 bit Build 9600 (6.3.9600.17415)

CPU:total 8 (4 cores per cpu, 2 threads per core) family 6 model 60 stepping 3, cmov, cx8, fxsr, mmx, sse, sse2, sse3, ssse3, sse4.1, sse4.2, popcnt, avx, avx2, aes, clmul, erms, lzcnt, ht, tsc, tscinvbit, bmi1, bmi2

Memory: 4k page, physical 16695032k(5364312k free), swap 19441108k(485044k free)

vm_info: Java HotSpot(TM) 64-Bit Server VM (25.40-b25) for windows-amd64 JRE (1.8.0_40-b26), built on Mar  7 2015 13:51:59 by "java_re" with MS VC++ 10.0 (VS2010)

time: Sat Apr 23 21:04:27 2016
elapsed time: 5 seconds (0d 0h 0m 5s)

